Время вызова: 2024-08-20 22:20:57.146225
Функция: hello_world
С аргументами: (){}
Вернула: Hello World

Время вызова: 2024-08-20 22:20:57.147217
Функция: summator
С аргументами: (2, 2){}
Вернула: 4

Время вызова: 2024-08-20 22:20:57.147217
Функция: div
С аргументами: (6, 2){}
Вернула: 3.0

Время вызова: 2024-08-20 22:20:57.148214
Функция: summator
С аргументами: (4.3,){'b': 2.2}
Вернула: 6.5

Время вызова: 2024-08-20 22:20:57.149217
Функция: summator
С аргументами: (){'a': 0, 'b': 0}
Вернула: 0

